{
  "stats": {
    "suites": 1,
    "tests": 1,
    "passes": 1,
    "pending": 0,
    "failures": 0,
    "start": "2022-03-18T05:48:31.310Z",
    "end": "2022-03-18T05:53:57.315Z",
    "duration": 326005,
    "testsRegistered": 1,
    "passPercent": 100,
    "pendingPercent": 0,
    "other": 0,
    "hasOther": false,
    "skipped": 0,
    "hasSkipped": false
  },
  "results": [
    {
      "uuid": "d3ff6fce-b251-47aa-a19f-0af08b5589bb",
      "title": "",
      "fullFile": "cypress/integration/Tasks.feature",
      "file": "cypress/integration/Tasks.feature",
      "beforeHooks": [],
      "afterHooks": [],
      "tests": [],
      "suites": [
        {
          "uuid": "742e8985-94f0-47b0-a2cb-6b1b2b83388a",
          "title": "Task",
          "fullFile": "",
          "file": "",
          "beforeHooks": [],
          "afterHooks": [],
          "tests": [
            {
              "title": "How to create a Task in list View",
              "fullTitle": "Task How to create a Task in list View",
              "timedOut": null,
              "duration": 47639,
              "state": "passed",
              "speed": "slow",
              "pass": true,
              "fail": false,
              "pending": false,
              "context": "{\n  \"title\": \"cypress-mochawesome-reporter-screenshots\",\n  \"value\": [\n    [\n      {\n        \"title\": \"Failed screenshot\",\n        \"value\": \"/Tasks.feature/Task -- How to create a Task in list View (failed).png\"\n      }\n    ],\n    []\n  ]\n}",
              "code": "const state = window.testState;\nreturn cy\n  .then(() => state.onStartScenario(scenario, indexedSteps))\n  .then(() =>\n    resolveAndRunBeforeHooks.call(this, scenario.tags, state.feature.name)\n  )\n  .then(() =>\n    indexedSteps.forEach((step) =>\n      stepTest.call(this, state, step, rowData)\n    )\n  )\n  .then(() => state.onFinishScenario(scenario));",
              "err": {},
              "uuid": "679b6c0e-86e4-4535-8b1d-c85a8a93fce5",
              "parentUUID": "742e8985-94f0-47b0-a2cb-6b1b2b83388a",
              "isHook": false,
              "skipped": false
            }
          ],
          "suites": [],
          "passes": [
            "679b6c0e-86e4-4535-8b1d-c85a8a93fce5"
          ],
          "failures": [],
          "pending": [],
          "skipped": [],
          "duration": 47639,
          "root": false,
          "rootEmpty": false,
          "_timeout": 2000
        }
      ],
      "passes": [],
      "failures": [],
      "pending": [],
      "skipped": [],
      "duration": 0,
      "root": true,
      "rootEmpty": true,
      "_timeout": 2000
    }
  ],
  "meta": {
    "mocha": {
      "version": "7.0.1"
    },
    "mochawesome": {
      "options": {
        "quiet": false,
        "reportFilename": "mochawesome",
        "saveHtml": false,
        "saveJson": true,
        "consoleReporter": "spec",
        "useInlineDiffs": false,
        "code": true
      },
      "version": "7.1.2"
    },
    "marge": {
      "options": {
        "reportDir": "cypress/reports",
        "overwrite": false,
        "html": false,
        "json": true
      },
      "version": "6.1.1"
    }
  }
}