{
  "stats": {
    "suites": 1,
    "tests": 1,
    "passes": 1,
    "pending": 0,
    "failures": 0,
    "start": "2022-03-18T05:45:42.817Z",
    "end": "2022-03-18T05:46:27.257Z",
    "duration": 44440,
    "testsRegistered": 1,
    "passPercent": 100,
    "pendingPercent": 0,
    "other": 0,
    "hasOther": false,
    "skipped": 0,
    "hasSkipped": false
  },
  "results": [
    {
      "uuid": "6ea1df5f-78c6-49a8-b18d-b25315bd7512",
      "title": "",
      "fullFile": "cypress/integration/Notification.feature",
      "file": "cypress/integration/Notification.feature",
      "beforeHooks": [],
      "afterHooks": [],
      "tests": [],
      "suites": [
        {
          "uuid": "8ef2e1c5-1c91-49f2-857c-57afb88ababc",
          "title": "Notification",
          "fullFile": "",
          "file": "",
          "beforeHooks": [],
          "afterHooks": [],
          "tests": [
            {
              "title": "Check total count of notification on notification page is showing or not",
              "fullTitle": "Notification Check total count of notification on notification page is showing or not",
              "timedOut": null,
              "duration": 41558,
              "state": "passed",
              "speed": "slow",
              "pass": true,
              "fail": false,
              "pending": false,
              "context": null,
              "code": "const state = window.testState;\nreturn cy\n  .then(() => state.onStartScenario(scenario, indexedSteps))\n  .then(() =>\n    resolveAndRunBeforeHooks.call(this, scenario.tags, state.feature.name)\n  )\n  .then(() =>\n    indexedSteps.forEach((step) =>\n      stepTest.call(this, state, step, rowData)\n    )\n  )\n  .then(() => state.onFinishScenario(scenario));",
              "err": {},
              "uuid": "43cc848f-668b-4301-8d30-9d77dea269b3",
              "parentUUID": "8ef2e1c5-1c91-49f2-857c-57afb88ababc",
              "isHook": false,
              "skipped": false
            }
          ],
          "suites": [],
          "passes": [
            "43cc848f-668b-4301-8d30-9d77dea269b3"
          ],
          "failures": [],
          "pending": [],
          "skipped": [],
          "duration": 41558,
          "root": false,
          "rootEmpty": false,
          "_timeout": 2000
        }
      ],
      "passes": [],
      "failures": [],
      "pending": [],
      "skipped": [],
      "duration": 0,
      "root": true,
      "rootEmpty": true,
      "_timeout": 2000
    }
  ],
  "meta": {
    "mocha": {
      "version": "7.0.1"
    },
    "mochawesome": {
      "options": {
        "quiet": false,
        "reportFilename": "mochawesome",
        "saveHtml": false,
        "saveJson": true,
        "consoleReporter": "spec",
        "useInlineDiffs": false,
        "code": true
      },
      "version": "7.1.2"
    },
    "marge": {
      "options": {
        "reportDir": "cypress/reports",
        "overwrite": false,
        "html": false,
        "json": true
      },
      "version": "6.1.1"
    }
  }
}