{
  "stats": {
    "suites": 1,
    "tests": 1,
    "passes": 1,
    "pending": 0,
    "failures": 0,
    "start": "2022-03-18T05:44:57.105Z",
    "end": "2022-03-18T05:45:34.765Z",
    "duration": 37660,
    "testsRegistered": 1,
    "passPercent": 100,
    "pendingPercent": 0,
    "other": 0,
    "hasOther": false,
    "skipped": 0,
    "hasSkipped": false
  },
  "results": [
    {
      "uuid": "394cb0ee-1b1c-4ced-9ca6-81d18e323ce6",
      "title": "",
      "fullFile": "cypress/integration/Newsfeed.feature",
      "file": "cypress/integration/Newsfeed.feature",
      "beforeHooks": [],
      "afterHooks": [],
      "tests": [],
      "suites": [
        {
          "uuid": "8362f6e0-81bb-445d-9576-ab65f2884da3",
          "title": "Newsfeed",
          "fullFile": "",
          "file": "",
          "beforeHooks": [],
          "afterHooks": [],
          "tests": [
            {
              "title": "Check That Reload button in newsfeed is functional or not",
              "fullTitle": "Newsfeed Check That Reload button in newsfeed is functional or not",
              "timedOut": null,
              "duration": 34636,
              "state": "passed",
              "speed": "slow",
              "pass": true,
              "fail": false,
              "pending": false,
              "context": null,
              "code": "const state = window.testState;\nreturn cy\n  .then(() => state.onStartScenario(scenario, indexedSteps))\n  .then(() =>\n    resolveAndRunBeforeHooks.call(this, scenario.tags, state.feature.name)\n  )\n  .then(() =>\n    indexedSteps.forEach((step) =>\n      stepTest.call(this, state, step, rowData)\n    )\n  )\n  .then(() => state.onFinishScenario(scenario));",
              "err": {},
              "uuid": "434a6d14-35cb-4b46-8f34-5908e7e2c1a2",
              "parentUUID": "8362f6e0-81bb-445d-9576-ab65f2884da3",
              "isHook": false,
              "skipped": false
            }
          ],
          "suites": [],
          "passes": [
            "434a6d14-35cb-4b46-8f34-5908e7e2c1a2"
          ],
          "failures": [],
          "pending": [],
          "skipped": [],
          "duration": 34636,
          "root": false,
          "rootEmpty": false,
          "_timeout": 2000
        }
      ],
      "passes": [],
      "failures": [],
      "pending": [],
      "skipped": [],
      "duration": 0,
      "root": true,
      "rootEmpty": true,
      "_timeout": 2000
    }
  ],
  "meta": {
    "mocha": {
      "version": "7.0.1"
    },
    "mochawesome": {
      "options": {
        "quiet": false,
        "reportFilename": "mochawesome",
        "saveHtml": false,
        "saveJson": true,
        "consoleReporter": "spec",
        "useInlineDiffs": false,
        "code": true
      },
      "version": "7.1.2"
    },
    "marge": {
      "options": {
        "reportDir": "cypress/reports",
        "overwrite": false,
        "html": false,
        "json": true
      },
      "version": "6.1.1"
    }
  }
}