<!doctype html>
<html lang="en"><head><meta charSet="utf-8"/><meta http-equiv="X-UA-Compatible" content="IE=edge"/><meta name="viewport" content="width=device-width, initial-scale=1"/><title>Mochawesome Report</title><link rel="stylesheet" href="assets/app.css"/></head><body data-raw="{&quot;stats&quot;:{&quot;suites&quot;:1,&quot;tests&quot;:8,&quot;passes&quot;:0,&quot;pending&quot;:0,&quot;failures&quot;:8,&quot;start&quot;:&quot;2021-11-15T17:11:56.625Z&quot;,&quot;end&quot;:&quot;2021-11-15T18:30:23.850Z&quot;,&quot;duration&quot;:4707225,&quot;testsRegistered&quot;:8,&quot;passPercent&quot;:0,&quot;pendingPercent&quot;:0,&quot;other&quot;:0,&quot;hasOther&quot;:false,&quot;skipped&quot;:0,&quot;hasSkipped&quot;:false},&quot;results&quot;:[{&quot;uuid&quot;:&quot;981564ce-d655-460f-be77-c44def8a41fc&quot;,&quot;title&quot;:&quot;&quot;,&quot;fullFile&quot;:&quot;cypress/integration/Tasks.feature&quot;,&quot;file&quot;:&quot;cypress/integration/Tasks.feature&quot;,&quot;beforeHooks&quot;:[],&quot;afterHooks&quot;:[],&quot;tests&quot;:[],&quot;suites&quot;:[{&quot;uuid&quot;:&quot;b4b0ceb8-35da-496a-a718-620a654739cf&quot;,&quot;title&quot;:&quot;Task&quot;,&quot;fullFile&quot;:&quot;&quot;,&quot;file&quot;:&quot;&quot;,&quot;beforeHooks&quot;:[],&quot;afterHooks&quot;:[],&quot;tests&quot;:[{&quot;title&quot;:&quot;How to create a Task in list View&quot;,&quot;fullTitle&quot;:&quot;Task How to create a Task in list View&quot;,&quot;duration&quot;:145544,&quot;state&quot;:&quot;failed&quot;,&quot;pass&quot;:false,&quot;fail&quot;:true,&quot;pending&quot;:false,&quot;code&quot;:&quot;const state = window.testState;\nreturn cy\n  .then(() =&gt; state.onStartScenario(scenario, indexedSteps))\n  .then(() =&gt;\n    resolveAndRunBeforeHooks.call(this, scenario.tags, state.feature.name)\n  )\n  .then(() =&gt;\n    indexedSteps.forEach((step) =&gt;\n      stepTest.call(this, state, step, rowData)\n    )\n  )\n  .then(() =&gt;\n    resolveAndRunAfterHooks.call(this, scenario.tags, state.feature.name)\n  )\n  .then(() =&gt; state.onFinishScenario(scenario));&quot;,&quot;err&quot;:{&quot;message&quot;:&quot;CypressError: Timed out retrying after 100000ms: `cy.type()` failed because this element is not visible:\n\n`&lt;input autocomplete=\&quot;off\&quot; placeholder=\&quot;Task name\&quot; maxlength=\&quot;500\&quot; type=\&quot;text\&quot; id=\&quot;summary\&quot; class=\&quot;ant-input\&quot; value=\&quot;\&quot;&gt;`\n\nThis element `&lt;input#summary.ant-input&gt;` is not visible because it has CSS property: `position: fixed` and it&#x27;s being covered by another element:\n\n`&lt;div style=\&quot;display: flex; justify-content: space-between; padding: 20px 34px; width: 100%; border-bottom: 1px solid lightgray; position: sticky; top: 0px; background: white; z-index: 1;\&quot;&gt;...&lt;/div&gt;`\n\nFix this problem, or use `{force: true}` to disable error checking.\n\nhttps://on.cypress.io/element-cannot-be-interacted-with&quot;,&quot;estack&quot;:&quot;CypressError: Timed out retrying after 100000ms: `cy.type()` failed because this element is not visible:\n\n`&lt;input autocomplete=\&quot;off\&quot; placeholder=\&quot;Task name\&quot; maxlength=\&quot;500\&quot; type=\&quot;text\&quot; id=\&quot;summary\&quot; class=\&quot;ant-input\&quot; value=\&quot;\&quot;&gt;`\n\nThis element `&lt;input#summary.ant-input&gt;` is not visible because it has CSS property: `position: fixed` and it&#x27;s being covered by another element:\n\n`&lt;div style=\&quot;display: flex; justify-content: space-between; padding: 20px 34px; width: 100%; border-bottom: 1px solid lightgray; position: sticky; top: 0px; background: white; z-index: 1;\&quot;&gt;...&lt;/div&gt;`\n\nFix this problem, or use `{force: true}` to disable error checking.\n\nhttps://on.cypress.io/element-cannot-be-interacted-with\n    at runVisibilityCheck (https://contactif.ai/__cypress/runner/cypress_runner.js:162670:85)\n    at $Cy.ensureNotHiddenByAncestors (https://contactif.ai/__cypress/runner/cypress_runner.js:162690:14)\n    at runAllChecks (https://contactif.ai/__cypress/runner/cypress_runner.js:149937:12)\n    at retryActionability (https://contactif.ai/__cypress/runner/cypress_runner.js:149960:16)\n    at tryCatcher (https://contactif.ai/__cypress/runner/cypress_runner.js:13212:23)\n    at Function.Promise.attempt.Promise.try (https://contactif.ai/__cypress/runner/cypress_runner.js:10486:29)\n    at tryFn (https://contactif.ai/__cypress/runner/cypress_runner.js:167495:61)\n    at whenStable (https://contactif.ai/__cypress/runner/cypress_runner.js:167534:14)\n    at https://contactif.ai/__cypress/runner/cypress_runner.js:167021:18\n    at tryCatcher (https://contactif.ai/__cypress/runner/cypress_runner.js:13212:23)\n    at Promise._settlePromiseFromHandler (https://contactif.ai/__cypress/runner/cypress_runner.js:11147:31)\n    at Promise._settlePromise (https://contactif.ai/__cypress/runner/cypress_runner.js:11204:18)\n    at Promise._settlePromise0 (https://contactif.ai/__cypress/runner/cypress_runner.js:11249:10)\n    at Promise._settlePromises (https://contactif.ai/__cypress/runner/cypress_runner.js:11329:18)\n    at Promise._fulfill (https://contactif.ai/__cypress/runner/cypress_runner.js:11273:18)\n    at https://contactif.ai/__cypress/runner/cypress_runner.js:12887:46\nFrom Your Spec Code:\n    at Context.eval (https://contactif.ai/__cypress/tests?p=cypress/integration/Tasks.feature:331:31)\n    at Context.resolveAndRunStepDefinition (https://contactif.ai/__cypress/tests?p=cypress/integration/Tasks.feature:12248:29)\n    at Context.eval (https://contactif.ai/__cypress/tests?p=cypress/integration/Tasks.feature:11592:35)&quot;},&quot;uuid&quot;:&quot;fb100257-02c8-43da-8c24-cc9010997a45&quot;,&quot;parentUUID&quot;:&quot;b4b0ceb8-35da-496a-a718-620a654739cf&quot;,&quot;isHook&quot;:false,&quot;skipped&quot;:false},{&quot;title&quot;:&quot;Check that task in list view on selecting open status filter from dropdown&quot;,&quot;fullTitle&quot;:&quot;Task Check that task in list view on selecting open status filter from dropdown&quot;,&quot;duration&quot;:141046,&quot;state&quot;:&quot;failed&quot;,&quot;pass&quot;:false,&quot;fail&quot;:true,&quot;pending&quot;:false,&quot;code&quot;:&quot;const state = window.testState;\nreturn cy\n  .then(() =&gt; state.onStartScenario(scenario, indexedSteps))\n  .then(() =&gt;\n    resolveAndRunBeforeHooks.call(this, scenario.tags, state.feature.name)\n  )\n  .then(() =&gt;\n    indexedSteps.forEach((step) =&gt;\n      stepTest.call(this, state, step, rowData)\n    )\n  )\n  .then(() =&gt;\n    resolveAndRunAfterHooks.call(this, scenario.tags, state.feature.name)\n  )\n  .then(() =&gt; state.onFinishScenario(scenario));&quot;,&quot;err&quot;:{&quot;message&quot;:&quot;AssertionError: Timed out retrying after 100000ms: Expected to find content: &#x27;Test Task&#x27; but never did.&quot;,&quot;estack&quot;:&quot;AssertionError: Timed out retrying after 100000ms: Expected to find content: &#x27;Test Task&#x27; but never did.\n    at Context.eval (https://contactif.ai/__cypress/tests?p=cypress/integration/Tasks.feature:371:28)\n    at Context.resolveAndRunStepDefinition (https://contactif.ai/__cypress/tests?p=cypress/integration/Tasks.feature:12248:29)\n    at Context.eval (https://contactif.ai/__cypress/tests?p=cypress/integration/Tasks.feature:11592:35)&quot;},&quot;uuid&quot;:&quot;92c9a220-8228-4ff9-9e80-c137af74dbe5&quot;,&quot;parentUUID&quot;:&quot;b4b0ceb8-35da-496a-a718-620a654739cf&quot;,&quot;isHook&quot;:false,&quot;skipped&quot;:false},{&quot;title&quot;:&quot;Check that Task status change by clicking on Mark as complete&quot;,&quot;fullTitle&quot;:&quot;Task Check that Task status change by clicking on Mark as complete&quot;,&quot;duration&quot;:141293,&quot;state&quot;:&quot;failed&quot;,&quot;pass&quot;:false,&quot;fail&quot;:true,&quot;pending&quot;:false,&quot;code&quot;:&quot;const state = window.testState;\nreturn cy\n  .then(() =&gt; state.onStartScenario(scenario, indexedSteps))\n  .then(() =&gt;\n    resolveAndRunBeforeHooks.call(this, scenario.tags, state.feature.name)\n  )\n  .then(() =&gt;\n    indexedSteps.forEach((step) =&gt;\n      stepTest.call(this, state, step, rowData)\n    )\n  )\n  .then(() =&gt;\n    resolveAndRunAfterHooks.call(this, scenario.tags, state.feature.name)\n  )\n  .then(() =&gt; state.onFinishScenario(scenario));&quot;,&quot;err&quot;:{&quot;message&quot;:&quot;AssertionError: Timed out retrying after 100000ms: Expected to find content: &#x27;Test Task&#x27; but never did.&quot;,&quot;estack&quot;:&quot;AssertionError: Timed out retrying after 100000ms: Expected to find content: &#x27;Test Task&#x27; but never did.\n    at Context.eval (https://contactif.ai/__cypress/tests?p=cypress/integration/Tasks.feature:384:28)\n    at Context.resolveAndRunStepDefinition (https://contactif.ai/__cypress/tests?p=cypress/integration/Tasks.feature:12248:29)\n    at Context.eval (https://contactif.ai/__cypress/tests?p=cypress/integration/Tasks.feature:11592:35)&quot;},&quot;uuid&quot;:&quot;adbabbe0-f859-4959-a8ea-31c811e9b23f&quot;,&quot;parentUUID&quot;:&quot;b4b0ceb8-35da-496a-a718-620a654739cf&quot;,&quot;isHook&quot;:false,&quot;skipped&quot;:false},{&quot;title&quot;:&quot;Check that task in list view on selecting completed status filter from dropdown&quot;,&quot;fullTitle&quot;:&quot;Task Check that task in list view on selecting completed status filter from dropdown&quot;,&quot;duration&quot;:141965,&quot;state&quot;:&quot;failed&quot;,&quot;pass&quot;:false,&quot;fail&quot;:true,&quot;pending&quot;:false,&quot;code&quot;:&quot;const state = window.testState;\nreturn cy\n  .then(() =&gt; state.onStartScenario(scenario, indexedSteps))\n  .then(() =&gt;\n    resolveAndRunBeforeHooks.call(this, scenario.tags, state.feature.name)\n  )\n  .then(() =&gt;\n    indexedSteps.forEach((step) =&gt;\n      stepTest.call(this, state, step, rowData)\n    )\n  )\n  .then(() =&gt;\n    resolveAndRunAfterHooks.call(this, scenario.tags, state.feature.name)\n  )\n  .then(() =&gt; state.onFinishScenario(scenario));&quot;,&quot;err&quot;:{&quot;message&quot;:&quot;AssertionError: Timed out retrying after 100000ms: Expected to find content: &#x27;Test Task&#x27; but never did.&quot;,&quot;estack&quot;:&quot;AssertionError: Timed out retrying after 100000ms: Expected to find content: &#x27;Test Task&#x27; but never did.\n    at Context.eval (https://contactif.ai/__cypress/tests?p=cypress/integration/Tasks.feature:406:28)\n    at Context.resolveAndRunStepDefinition (https://contactif.ai/__cypress/tests?p=cypress/integration/Tasks.feature:12248:29)\n    at Context.eval (https://contactif.ai/__cypress/tests?p=cypress/integration/Tasks.feature:11592:35)&quot;},&quot;uuid&quot;:&quot;1a254134-e167-496a-bbc9-8843ded3ec1d&quot;,&quot;parentUUID&quot;:&quot;b4b0ceb8-35da-496a-a718-620a654739cf&quot;,&quot;isHook&quot;:false,&quot;skipped&quot;:false},{&quot;title&quot;:&quot;Check that task in list view on selecting overdue statsus filter from dropdown&quot;,&quot;fullTitle&quot;:&quot;Task Check that task in list view on selecting overdue statsus filter from dropdown&quot;,&quot;duration&quot;:142051,&quot;state&quot;:&quot;failed&quot;,&quot;pass&quot;:false,&quot;fail&quot;:true,&quot;pending&quot;:false,&quot;code&quot;:&quot;const state = window.testState;\nreturn cy\n  .then(() =&gt; state.onStartScenario(scenario, indexedSteps))\n  .then(() =&gt;\n    resolveAndRunBeforeHooks.call(this, scenario.tags, state.feature.name)\n  )\n  .then(() =&gt;\n    indexedSteps.forEach((step) =&gt;\n      stepTest.call(this, state, step, rowData)\n    )\n  )\n  .then(() =&gt;\n    resolveAndRunAfterHooks.call(this, scenario.tags, state.feature.name)\n  )\n  .then(() =&gt; state.onFinishScenario(scenario));&quot;,&quot;err&quot;:{&quot;message&quot;:&quot;AssertionError: Timed out retrying after 100000ms: Expected to find content: &#x27;Test Task&#x27; but never did.&quot;,&quot;estack&quot;:&quot;AssertionError: Timed out retrying after 100000ms: Expected to find content: &#x27;Test Task&#x27; but never did.\n    at Context.eval (https://contactif.ai/__cypress/tests?p=cypress/integration/Tasks.feature:437:28)\n    at Context.resolveAndRunStepDefinition (https://contactif.ai/__cypress/tests?p=cypress/integration/Tasks.feature:12248:29)\n    at Context.eval (https://contactif.ai/__cypress/tests?p=cypress/integration/Tasks.feature:11592:35)&quot;},&quot;uuid&quot;:&quot;eaa1b706-7f4b-4aa3-ad75-28b41fed7b77&quot;,&quot;parentUUID&quot;:&quot;b4b0ceb8-35da-496a-a718-620a654739cf&quot;,&quot;isHook&quot;:false,&quot;skipped&quot;:false},{&quot;title&quot;:&quot;Check that task in list view on selecting All Task filter from dropdown&quot;,&quot;fullTitle&quot;:&quot;Task Check that task in list view on selecting All Task filter from dropdown&quot;,&quot;duration&quot;:143290,&quot;state&quot;:&quot;failed&quot;,&quot;pass&quot;:false,&quot;fail&quot;:true,&quot;pending&quot;:false,&quot;code&quot;:&quot;const state = window.testState;\nreturn cy\n  .then(() =&gt; state.onStartScenario(scenario, indexedSteps))\n  .then(() =&gt;\n    resolveAndRunBeforeHooks.call(this, scenario.tags, state.feature.name)\n  )\n  .then(() =&gt;\n    indexedSteps.forEach((step) =&gt;\n      stepTest.call(this, state, step, rowData)\n    )\n  )\n  .then(() =&gt;\n    resolveAndRunAfterHooks.call(this, scenario.tags, state.feature.name)\n  )\n  .then(() =&gt; state.onFinishScenario(scenario));&quot;,&quot;err&quot;:{&quot;message&quot;:&quot;AssertionError: Timed out retrying after 100000ms: Expected to find content: &#x27;Test Task&#x27; but never did.&quot;,&quot;estack&quot;:&quot;AssertionError: Timed out retrying after 100000ms: Expected to find content: &#x27;Test Task&#x27; but never did.\n    at Context.eval (https://contactif.ai/__cypress/tests?p=cypress/integration/Tasks.feature:419:28)\n    at Context.resolveAndRunStepDefinition (https://contactif.ai/__cypress/tests?p=cypress/integration/Tasks.feature:12248:29)\n    at Context.eval (https://contactif.ai/__cypress/tests?p=cypress/integration/Tasks.feature:11592:35)&quot;},&quot;uuid&quot;:&quot;82093db8-cd94-4f04-b833-8b9f6950a157&quot;,&quot;parentUUID&quot;:&quot;b4b0ceb8-35da-496a-a718-620a654739cf&quot;,&quot;isHook&quot;:false,&quot;skipped&quot;:false},{&quot;title&quot;:&quot;Check that in tasks module search functionality is working fine or not&quot;,&quot;fullTitle&quot;:&quot;Task Check that in tasks module search functionality is working fine or not&quot;,&quot;duration&quot;:143364,&quot;state&quot;:&quot;failed&quot;,&quot;pass&quot;:false,&quot;fail&quot;:true,&quot;pending&quot;:false,&quot;code&quot;:&quot;const state = window.testState;\nreturn cy\n  .then(() =&gt; state.onStartScenario(scenario, indexedSteps))\n  .then(() =&gt;\n    resolveAndRunBeforeHooks.call(this, scenario.tags, state.feature.name)\n  )\n  .then(() =&gt;\n    indexedSteps.forEach((step) =&gt;\n      stepTest.call(this, state, step, rowData)\n    )\n  )\n  .then(() =&gt;\n    resolveAndRunAfterHooks.call(this, scenario.tags, state.feature.name)\n  )\n  .then(() =&gt; state.onFinishScenario(scenario));&quot;,&quot;err&quot;:{&quot;message&quot;:&quot;AssertionError: Timed out retrying after 100000ms: Expected to find content: &#x27;Test Task&#x27; but never did.&quot;,&quot;estack&quot;:&quot;AssertionError: Timed out retrying after 100000ms: Expected to find content: &#x27;Test Task&#x27; but never did.\n    at Context.eval (https://contactif.ai/__cypress/tests?p=cypress/integration/Tasks.feature:450:28)\n    at Context.resolveAndRunStepDefinition (https://contactif.ai/__cypress/tests?p=cypress/integration/Tasks.feature:12248:29)\n    at Context.eval (https://contactif.ai/__cypress/tests?p=cypress/integration/Tasks.feature:11592:35)&quot;},&quot;uuid&quot;:&quot;8fbbd310-c6f6-4c6e-ac77-47bfde7a84af&quot;,&quot;parentUUID&quot;:&quot;b4b0ceb8-35da-496a-a718-620a654739cf&quot;,&quot;isHook&quot;:false,&quot;skipped&quot;:false},{&quot;title&quot;:&quot;Check that Task is deleted or not&quot;,&quot;fullTitle&quot;:&quot;Task Check that Task is deleted or not&quot;,&quot;duration&quot;:143365,&quot;state&quot;:&quot;failed&quot;,&quot;pass&quot;:false,&quot;fail&quot;:true,&quot;pending&quot;:false,&quot;code&quot;:&quot;const state = window.testState;\nreturn cy\n  .then(() =&gt; state.onStartScenario(scenario, indexedSteps))\n  .then(() =&gt;\n    resolveAndRunBeforeHooks.call(this, scenario.tags, state.feature.name)\n  )\n  .then(() =&gt;\n    indexedSteps.forEach((step) =&gt;\n      stepTest.call(this, state, step, rowData)\n    )\n  )\n  .then(() =&gt;\n    resolveAndRunAfterHooks.call(this, scenario.tags, state.feature.name)\n  )\n  .then(() =&gt; state.onFinishScenario(scenario));&quot;,&quot;err&quot;:{&quot;message&quot;:&quot;AssertionError: Timed out retrying after 100000ms: Expected to find content: &#x27;Test Task&#x27; but never did.&quot;,&quot;estack&quot;:&quot;AssertionError: Timed out retrying after 100000ms: Expected to find content: &#x27;Test Task&#x27; but never did.\n    at Context.eval (https://contactif.ai/__cypress/tests?p=cypress/integration/Tasks.feature:464:28)\n    at Context.resolveAndRunStepDefinition (https://contactif.ai/__cypress/tests?p=cypress/integration/Tasks.feature:12248:29)\n    at Context.eval (https://contactif.ai/__cypress/tests?p=cypress/integration/Tasks.feature:11592:35)&quot;},&quot;uuid&quot;:&quot;4a51091e-6c33-494d-b7c2-283793efa23e&quot;,&quot;parentUUID&quot;:&quot;b4b0ceb8-35da-496a-a718-620a654739cf&quot;,&quot;isHook&quot;:false,&quot;skipped&quot;:false}],&quot;suites&quot;:[],&quot;passes&quot;:[],&quot;failures&quot;:[&quot;fb100257-02c8-43da-8c24-cc9010997a45&quot;,&quot;92c9a220-8228-4ff9-9e80-c137af74dbe5&quot;,&quot;adbabbe0-f859-4959-a8ea-31c811e9b23f&quot;,&quot;1a254134-e167-496a-bbc9-8843ded3ec1d&quot;,&quot;eaa1b706-7f4b-4aa3-ad75-28b41fed7b77&quot;,&quot;82093db8-cd94-4f04-b833-8b9f6950a157&quot;,&quot;8fbbd310-c6f6-4c6e-ac77-47bfde7a84af&quot;,&quot;4a51091e-6c33-494d-b7c2-283793efa23e&quot;],&quot;pending&quot;:[],&quot;skipped&quot;:[],&quot;duration&quot;:1141918,&quot;root&quot;:false,&quot;rootEmpty&quot;:false,&quot;_timeout&quot;:2000}],&quot;passes&quot;:[],&quot;failures&quot;:[],&quot;pending&quot;:[],&quot;skipped&quot;:[],&quot;duration&quot;:0,&quot;root&quot;:true,&quot;rootEmpty&quot;:true,&quot;_timeout&quot;:2000}],&quot;meta&quot;:{&quot;mocha&quot;:{&quot;version&quot;:&quot;7.0.1&quot;},&quot;mochawesome&quot;:{&quot;options&quot;:{&quot;quiet&quot;:false,&quot;reportFilename&quot;:&quot;report&quot;,&quot;saveHtml&quot;:true,&quot;saveJson&quot;:true,&quot;consoleReporter&quot;:&quot;spec&quot;,&quot;useInlineDiffs&quot;:false,&quot;code&quot;:true},&quot;version&quot;:&quot;6.2.2&quot;},&quot;marge&quot;:{&quot;options&quot;:{&quot;charts&quot;:false,&quot;html&quot;:true,&quot;json&quot;:true,&quot;reportDir&quot;:&quot;cypress/reports&quot;,&quot;reportFilename&quot;:&quot;report&quot;,&quot;overwrite&quot;:true},&quot;version&quot;:&quot;5.2.0&quot;}}}" data-config="{&quot;reportFilename&quot;:&quot;report&quot;,&quot;reportDir&quot;:&quot;cypress/reports&quot;,&quot;reportTitle&quot;:&quot;JenkinsAutomation&quot;,&quot;reportPageTitle&quot;:&quot;Mochawesome Report&quot;,&quot;inline&quot;:false,&quot;inlineAssets&quot;:false,&quot;cdn&quot;:false,&quot;charts&quot;:false,&quot;enableCharts&quot;:false,&quot;code&quot;:true,&quot;enableCode&quot;:true,&quot;autoOpen&quot;:false,&quot;overwrite&quot;:true,&quot;timestamp&quot;:false,&quot;ts&quot;:false,&quot;showPassed&quot;:true,&quot;showFailed&quot;:true,&quot;showPending&quot;:true,&quot;showSkipped&quot;:false,&quot;showHooks&quot;:&quot;failed&quot;,&quot;saveJson&quot;:true,&quot;saveHtml&quot;:true,&quot;dev&quot;:false,&quot;assetsDir&quot;:&quot;cypress/reports/assets&quot;,&quot;jsonFile&quot;:&quot;/home/umair/Documents/ContactIfAiAutomation/frt-qa-ato/JenkinsAutomation/cypress/reports/report.json&quot;,&quot;htmlFile&quot;:&quot;/home/umair/Documents/ContactIfAiAutomation/frt-qa-ato/JenkinsAutomation/cypress/reports/report.html&quot;}"><div id="report"></div><script src="assets/app.js"></script></body></html>